{
  "timestamp": "2025-07-08T06:10:23.408Z",
  "level": "ERROR",
  "message": "SSE 연결 오류",
  "data": {
    "clientId": "1_1751954956490",
    "error": "aborted"
  }
}
{
  "timestamp": "2025-07-08T06:49:39.589Z",
  "level": "ERROR",
  "message": "SSE 연결 오류",
  "data": {
    "clientId": "6_1751957354018",
    "error": "aborted"
  }
}
{
  "timestamp": "2025-07-08T06:50:09.405Z",
  "level": "ERROR",
  "message": "SSE 연결 오류",
  "data": {
    "clientId": "6_1751957400336",
    "error": "aborted"
  }
}
{
  "timestamp": "2025-07-08T06:52:21.631Z",
  "level": "ERROR",
  "message": "SSE 연결 오류",
  "data": {
    "clientId": "6_1751957537440",
    "error": "aborted"
  }
}
{
  "timestamp": "2025-07-08T09:09:06.740Z",
  "level": "ERROR",
  "message": "SSE 연결 오류",
  "data": {
    "clientId": "1_1751965744505",
    "error": "aborted"
  }
}
{
  "timestamp": "2025-07-08T09:43:33.252Z",
  "level": "ERROR",
  "message": "SSE 연결 오류",
  "data": {
    "clientId": "1_1751966489828",
    "error": "aborted"
  }
}
{
  "timestamp": "2025-07-08T09:43:33.254Z",
  "level": "ERROR",
  "message": "SSE 연결 오류",
  "data": {
    "clientId": "1_1751966511176",
    "error": "aborted"
  }
}
{
  "timestamp": "2025-07-08T13:27:46.343Z",
  "level": "ERROR",
  "message": "SSE 연결 오류",
  "data": {
    "clientId": "eyJhbGciOiJIUzI1NiIsInR5cCI6IkpXVCJ9.eyJpZCI6MSwidXNlcm5hbWUiOiJhZG1pbiIsInJvbGUiOiJzdXBlciIsImNvbXBhbnkiOiLqtIDrpqzsnpAiLCJpYXQiOjE3NTE5ODEwNTIsImV4cCI6MTc1MjA2NzQ1Mn0.c0Av828ZmYJwce7o-vew3mF4Q7jWDYeSyDYOcvZnPS8_1751981264023",
    "error": "aborted"
  }
}
{
  "timestamp": "2025-07-08T13:28:43.772Z",
  "level": "ERROR",
  "message": "SSE 연결 오류",
  "data": {
    "clientId": "1_1751981274141",
    "error": "aborted"
  }
}
{
  "timestamp": "2025-07-08T13:30:54.516Z",
  "level": "ERROR",
  "message": "SSE 연결 오류",
  "data": {
    "clientId": "1_1751981328328",
    "error": "aborted"
  }
}
{
  "timestamp": "2025-07-08T13:35:56.716Z",
  "level": "ERROR",
  "message": "SSE 연결 오류",
  "data": {
    "clientId": "eyJhbGciOiJIUzI1NiIsInR5cCI6IkpXVCJ9.eyJpZCI6MSwidXNlcm5hbWUiOiJhZG1pbiIsInJvbGUiOiJzdXBlciIsImNvbXBhbnkiOiLqtIDrpqzsnpAiLCJpYXQiOjE3NTE5ODE2MTUsImV4cCI6MTc1MjA2ODAxNX0.t49APY1aAi1kILJ_axCaob_ggrH25x952Xj5VvymScE_1751981755493",
    "error": "aborted"
  }
}
{
  "timestamp": "2025-07-08T13:35:58.479Z",
  "level": "ERROR",
  "message": "SSE 연결 오류",
  "data": {
    "clientId": "eyJhbGciOiJIUzI1NiIsInR5cCI6IkpXVCJ9.eyJpZCI6MSwidXNlcm5hbWUiOiJhZG1pbiIsInJvbGUiOiJzdXBlciIsImNvbXBhbnkiOiLqtIDrpqzsnpAiLCJpYXQiOjE3NTE5ODE2MTUsImV4cCI6MTc1MjA2ODAxNX0.t49APY1aAi1kILJ_axCaob_ggrH25x952Xj5VvymScE_1751981755494",
    "error": "aborted"
  }
}
{
  "timestamp": "2025-07-08T13:39:21.874Z",
  "level": "ERROR",
  "message": "SSE 연결 오류",
  "data": {
    "clientId": "eyJhbGciOiJIUzI1NiIsInR5cCI6IkpXVCJ9.eyJpZCI6MSwidXNlcm5hbWUiOiJhZG1pbiIsInJvbGUiOiJzdXBlciIsImNvbXBhbnkiOiLqtIDrpqzsnpAiLCJpYXQiOjE3NTE5ODE3NjMsImV4cCI6MTc1MjA2ODE2M30.kZ4s_kWhCrTyMxiUC5NC-gOXcSCmMHAsHg_q4I1C9LE_1751981958738",
    "error": "aborted"
  }
}
{
  "timestamp": "2025-07-08T13:51:02.062Z",
  "level": "ERROR",
  "message": "SSE 연결 오류",
  "data": {
    "clientId": "eyJhbGciOiJIUzI1NiIsInR5cCI6IkpXVCJ9.eyJpZCI6MSwidXNlcm5hbWUiOiJhZG1pbiIsInJvbGUiOiJzdXBlciIsImNvbXBhbnkiOiLqtIDrpqzsnpAiLCJpYXQiOjE3NTE5ODE5NjksImV4cCI6MTc1MjA2ODM2OX0.VlQjApqDqXS_PTS7zAQkwT4Wms_HN8KGT7YInMzxv90_1751982654445",
    "error": "aborted"
  }
}
{
  "timestamp": "2025-07-08T13:55:56.037Z",
  "level": "ERROR",
  "message": "SSE 연결 오류",
  "data": {
    "clientId": "eyJhbGciOiJIUzI1NiIsInR5cCI6IkpXVCJ9.eyJpZCI6MSwidXNlcm5hbWUiOiJhZG1pbiIsInJvbGUiOiJzdXBlciIsImNvbXBhbnkiOiLqtIDrpqzsnpAiLCJpYXQiOjE3NTE5ODI2NjYsImV4cCI6MTc1MjA2OTA2Nn0.f5eRP7rntQLDLp8zQz-rPlx3VqvABU6C8oFhLjd0hfA_1751982954034",
    "error": "aborted"
  }
}
{
  "timestamp": "2025-07-08T14:05:33.346Z",
  "level": "ERROR",
  "message": "SSE 연결 오류",
  "data": {
    "clientId": "1_1751982962491",
    "error": "aborted"
  }
}
{
  "timestamp": "2025-07-08T14:11:41.199Z",
  "level": "ERROR",
  "message": "SSE 연결 오류",
  "data": {
    "clientId": "eyJhbGciOiJIUzI1NiIsInR5cCI6IkpXVCJ9.eyJpZCI6MSwidXNlcm5hbWUiOiJhZG1pbiIsInJvbGUiOiJzdXBlciIsImNvbXBhbnkiOiLqtIDrpqzsnpAiLCJpYXQiOjE3NTE5ODM1NDcsImV4cCI6MTc1MjA2OTk0N30.utYH-CS4zaT8cjGzWRCq0UuaCN7QQiWuhzj3btyn99A_1751983816243",
    "error": "aborted"
  }
}
{
  "timestamp": "2025-07-08T14:18:01.867Z",
  "level": "ERROR",
  "message": "SSE 연결 오류",
  "data": {
    "clientId": "eyJhbGciOiJIUzI1NiIsInR5cCI6IkpXVCJ9.eyJpZCI6MSwidXNlcm5hbWUiOiJhZG1pbiIsInJvbGUiOiJzdXBlciIsImNvbXBhbnkiOiLqtIDrpqzsnpAiLCJpYXQiOjE3NTE5ODM5MDUsImV4cCI6MTc1MjA3MDMwNX0.e-rlJAOQEiiv46kV2Y_72YjfoouT7izXCL4qtZ2TNvU_1751984278476",
    "error": "aborted"
  }
}
{
  "timestamp": "2025-07-08T14:23:21.177Z",
  "level": "ERROR",
  "message": "SSE 연결 오류",
  "data": {
    "clientId": "1_1751984285949",
    "error": "aborted"
  }
}
{
  "timestamp": "2025-07-08T14:31:50.742Z",
  "level": "ERROR",
  "message": "SSE 연결 오류",
  "data": {
    "clientId": "eyJhbGciOiJIUzI1NiIsInR5cCI6IkpXVCJ9.eyJpZCI6MSwidXNlcm5hbWUiOiJhZG1pbiIsInJvbGUiOiJzdXBlciIsImNvbXBhbnkiOiLqtIDrpqzsnpAiLCJpYXQiOjE3NTE5ODQ2NTcsImV4cCI6MTc1MjA3MTA1N30.4mfStr2DLAJRzu-fGhYb2weNifL9obxIeduPQCfTWoA_1751985109119",
    "error": "aborted"
  }
}
{
  "timestamp": "2025-07-08T14:56:50.404Z",
  "level": "ERROR",
  "message": "SSE 연결 오류",
  "data": {
    "clientId": "eyJhbGciOiJIUzI1NiIsInR5cCI6IkpXVCJ9.eyJpZCI6MSwidXNlcm5hbWUiOiJhZG1pbiIsInJvbGUiOiJzdXBlciIsImNvbXBhbnkiOiLqtIDrpqzsnpAiLCJpYXQiOjE3NTE5ODUxMTgsImV4cCI6MTc1MjA3MTUxOH0.wnQFAs0zuKOx4D3Pb-UuAGnR2wGnReBtJIG9vRtYjj4_1751986608925",
    "error": "aborted"
  }
}
{
  "timestamp": "2025-07-08T14:58:11.440Z",
  "level": "ERROR",
  "message": "SSE 연결 오류",
  "data": {
    "clientId": "1_1751986615671",
    "error": "aborted"
  }
}
{
  "timestamp": "2025-07-08T15:09:42.657Z",
  "level": "ERROR",
  "message": "SSE 연결 오류",
  "data": {
    "clientId": "eyJhbGciOiJIUzI1NiIsInR5cCI6IkpXVCJ9.eyJpZCI6MSwidXNlcm5hbWUiOiJhZG1pbiIsInJvbGUiOiJzdXBlciIsImNvbXBhbnkiOiLqtIDrpqzsnpAiLCJpYXQiOjE3NTE5ODczMDQsImV4cCI6MTc1MjA3MzcwNH0._cnOd9JdzwQBaVODkLlzrqaSvx4Hzpu41QdNrevuO7Y_1751987381639",
    "error": "aborted"
  }
}
{
  "timestamp": "2025-07-08T17:57:57.021Z",
  "level": "ERROR",
  "message": "SSE 연결 오류",
  "data": {
    "clientId": "1_1751987388466",
    "error": "aborted"
  }
}
